0 info it worked if it ends with ok
1 verbose cli [ '/Users/matthewepler/.nvm/versions/node/v6.3.1/bin/node',
1 verbose cli   '/Users/matthewepler/.nvm/versions/node/v6.3.1/bin/npm',
1 verbose cli   'run',
1 verbose cli   'dev-start' ]
2 info using npm@3.10.3
3 info using node@v6.3.1
4 verbose run-script [ 'predev-start', 'dev-start', 'postdev-start' ]
5 info lifecycle mqtt_assignment@1.0.0~predev-start: mqtt_assignment@1.0.0
6 silly lifecycle mqtt_assignment@1.0.0~predev-start: no script for predev-start, continuing
7 info lifecycle mqtt_assignment@1.0.0~dev-start: mqtt_assignment@1.0.0
8 verbose lifecycle mqtt_assignment@1.0.0~dev-start: unsafe-perm in lifecycle true
9 verbose lifecycle mqtt_assignment@1.0.0~dev-start: PATH: /Users/matthewepler/.nvm/versions/node/v6.3.1/lib/node_modules/npm/bin/node-gyp-bin:/Users/matthewepler/Documents/dev/mqtt_assignment/node_modules/.bin:/Users/matthewepler/.nvm/versions/node/v6.3.1/bin:/Users/matthewepler/.nvm/versions/node/v6.3.1/bin:/usr/local/heroku/bin:/usr/local/bin:/usr/local/sbin:/usr/local/mysql/bin:/usr/local/bin:/usr/bin:/bin:/usr/sbin:/sbin
10 verbose lifecycle mqtt_assignment@1.0.0~dev-start: CWD: /Users/matthewepler/Documents/dev/mqtt_assignment
11 silly lifecycle mqtt_assignment@1.0.0~dev-start: Args: [ '-c', 'webpack-dev-server' ]
12 silly lifecycle mqtt_assignment@1.0.0~dev-start: Returned: code: 1  signal: null
13 info lifecycle mqtt_assignment@1.0.0~dev-start: Failed to exec dev-start script
14 verbose stack Error: mqtt_assignment@1.0.0 dev-start: `webpack-dev-server`
14 verbose stack Exit status 1
14 verbose stack     at EventEmitter.<anonymous> (/Users/matthewepler/.nvm/versions/node/v6.3.1/lib/node_modules/npm/lib/utils/lifecycle.js:242:16)
14 verbose stack     at emitTwo (events.js:106:13)
14 verbose stack     at EventEmitter.emit (events.js:191:7)
14 verbose stack     at ChildProcess.<anonymous> (/Users/matthewepler/.nvm/versions/node/v6.3.1/lib/node_modules/npm/lib/utils/spawn.js:40:14)
14 verbose stack     at emitTwo (events.js:106:13)
14 verbose stack     at ChildProcess.emit (events.js:191:7)
14 verbose stack     at maybeClose (internal/child_process.js:852:16)
14 verbose stack     at Process.ChildProcess._handle.onexit (internal/child_process.js:215:5)
15 verbose pkgid mqtt_assignment@1.0.0
16 verbose cwd /Users/matthewepler/Documents/dev/mqtt_assignment
17 error Darwin 16.4.0
18 error argv "/Users/matthewepler/.nvm/versions/node/v6.3.1/bin/node" "/Users/matthewepler/.nvm/versions/node/v6.3.1/bin/npm" "run" "dev-start"
19 error node v6.3.1
20 error npm  v3.10.3
21 error code ELIFECYCLE
22 error mqtt_assignment@1.0.0 dev-start: `webpack-dev-server`
22 error Exit status 1
23 error Failed at the mqtt_assignment@1.0.0 dev-start script 'webpack-dev-server'.
23 error Make sure you have the latest version of node.js and npm installed.
23 error If you do, this is most likely a problem with the mqtt_assignment package,
23 error not with npm itself.
23 error Tell the author that this fails on your system:
23 error     webpack-dev-server
23 error You can get information on how to open an issue for this project with:
23 error     npm bugs mqtt_assignment
23 error Or if that isn't available, you can get their info via:
23 error     npm owner ls mqtt_assignment
23 error There is likely additional logging output above.
24 verbose exit [ 1, true ]
